{
  "stats": {
    "suites": 1,
    "tests": 5,
    "passes": 5,
    "pending": 0,
    "failures": 0,
    "start": "2021-06-21T05:40:36.268Z",
    "end": "2021-06-21T05:40:39.437Z",
    "duration": 3169,
    "testsRegistered": 5,
    "passPercent": 100,
    "pendingPercent": 0,
    "other": 0,
    "hasOther": false,
    "skipped": 0,
    "hasSkipped": false
  },
  "results": [
    {
      "uuid": "87cfa848-bd21-448b-b67f-6cd5f9cabe45",
      "title": "",
      "fullFile": "cypress/integration/to-do-list-componet/to-do-list-page.spec.js",
      "file": "cypress/integration/to-do-list-componet/to-do-list-page.spec.js",
      "beforeHooks": [],
      "afterHooks": [],
      "tests": [],
      "suites": [
        {
          "uuid": "9cc0665d-d486-485e-a5af-91264ad8a741",
          "title": " Teste To-do-list",
          "fullFile": "",
          "file": "",
          "beforeHooks": [],
          "afterHooks": [],
          "tests": [
            {
              "title": "Cadastrar itens na lista;",
              "fullTitle": " Teste To-do-list Cadastrar itens na lista;",
              "timedOut": null,
              "duration": 2478,
              "state": "passed",
              "speed": "slow",
              "pass": true,
              "fail": false,
              "pending": false,
              "context": null,
              "code": "cy.visit('/');\ncy.get('[data-reactid=\".0.0.1\"]').type('tarefa 1 {enter}').type('tarefa 2 {enter}').type('tarefa 3 {enter}').type('tarefa 4 {enter}').type('tarefa 5 {enter}').type('tarefa 6 {enter}'); //validar  \ncy.get('.todo-list li').should('have.length', 6);",
              "err": {},
              "uuid": "1cfb204e-059c-4679-9610-6a4af1d2b96b",
              "parentUUID": "9cc0665d-d486-485e-a5af-91264ad8a741",
              "isHook": false,
              "skipped": false
            },
            {
              "title": "Marcar 1 item como completo;",
              "fullTitle": " Teste To-do-list Marcar 1 item como completo;",
              "timedOut": null,
              "duration": 146,
              "state": "passed",
              "speed": "slow",
              "pass": true,
              "fail": false,
              "pending": false,
              "context": null,
              "code": "cy.contains('tarefa 1').parent().find('input[type=checkbox]').check();\ncy.contains('tarefa 1').parents('li').should('have.class', 'completed');",
              "err": {},
              "uuid": "1f0eae97-cccc-4c52-8979-51918c4239c9",
              "parentUUID": "9cc0665d-d486-485e-a5af-91264ad8a741",
              "isHook": false,
              "skipped": false
            },
            {
              "title": "Excluir itens da lista;",
              "fullTitle": " Teste To-do-list Excluir itens da lista;",
              "timedOut": null,
              "duration": 157,
              "state": "passed",
              "speed": "slow",
              "pass": true,
              "fail": false,
              "pending": false,
              "context": null,
              "code": "cy.contains('tarefa 2').parent().find('.destroy').click({\n  force: true\n});\ncy.contains('tarefa 3').parent().find('.destroy').click({\n  force: true\n});\ncy.get('.todo-list li').should('have.length', 4);",
              "err": {},
              "uuid": "d802b266-31d2-4605-84e4-e45017d749a0",
              "parentUUID": "9cc0665d-d486-485e-a5af-91264ad8a741",
              "isHook": false,
              "skipped": false
            },
            {
              "title": "Selecionar o filtro ‘Completed’;",
              "fullTitle": " Teste To-do-list Selecionar o filtro ‘Completed’;",
              "timedOut": null,
              "duration": 107,
              "state": "passed",
              "speed": "slow",
              "pass": true,
              "fail": false,
              "pending": false,
              "context": null,
              "code": "cy.contains('Completed').click();\ncy.get('.todo-list li').should('have.length', 1);",
              "err": {},
              "uuid": "ddf2d057-d42d-4ed2-810e-b81dbd533ee8",
              "parentUUID": "9cc0665d-d486-485e-a5af-91264ad8a741",
              "isHook": false,
              "skipped": false
            },
            {
              "title": "Estando com o filtro ‘All’ ativo clicar em ‘Clear completed’;",
              "fullTitle": " Teste To-do-list Estando com o filtro ‘All’ ativo clicar em ‘Clear completed’;",
              "timedOut": null,
              "duration": 224,
              "state": "passed",
              "speed": "slow",
              "pass": true,
              "fail": false,
              "pending": false,
              "context": null,
              "code": "cy.contains('All').click();\ncy.contains('Clear completed').click();\ncy.get('.todo-list li').should('have.length', 3);",
              "err": {},
              "uuid": "0602c422-c1ba-48ba-9fab-be3f8821db2d",
              "parentUUID": "9cc0665d-d486-485e-a5af-91264ad8a741",
              "isHook": false,
              "skipped": false
            }
          ],
          "suites": [],
          "passes": [
            "1cfb204e-059c-4679-9610-6a4af1d2b96b",
            "1f0eae97-cccc-4c52-8979-51918c4239c9",
            "d802b266-31d2-4605-84e4-e45017d749a0",
            "ddf2d057-d42d-4ed2-810e-b81dbd533ee8",
            "0602c422-c1ba-48ba-9fab-be3f8821db2d"
          ],
          "failures": [],
          "pending": [],
          "skipped": [],
          "duration": 3112,
          "root": false,
          "rootEmpty": false,
          "_timeout": 2000
        }
      ],
      "passes": [],
      "failures": [],
      "pending": [],
      "skipped": [],
      "duration": 0,
      "root": true,
      "rootEmpty": true,
      "_timeout": 2000
    }
  ],
  "meta": {
    "mocha": {
      "version": "7.0.1"
    },
    "mochawesome": {
      "options": {
        "quiet": false,
        "reportFilename": "mochawesome",
        "saveHtml": false,
        "saveJson": true,
        "consoleReporter": "spec",
        "useInlineDiffs": false,
        "code": true
      },
      "version": "6.2.2"
    },
    "marge": {
      "options": {
        "reportDir": "cypress/results",
        "overwrite": false,
        "html": false,
        "json": true
      },
      "version": "5.2.0"
    }
  }
}