{
  "stats": {
    "suites": 1,
    "tests": 5,
    "passes": 5,
    "pending": 0,
    "failures": 0,
    "start": "2021-06-21T05:17:02.797Z",
    "end": "2021-06-21T05:17:05.725Z",
    "duration": 2928,
    "testsRegistered": 5,
    "passPercent": 100,
    "pendingPercent": 0,
    "other": 0,
    "hasOther": false,
    "skipped": 0,
    "hasSkipped": false
  },
  "results": [
    {
      "uuid": "fd20e0b5-fd6a-4608-95a8-608dbd7eff98",
      "title": "",
      "fullFile": "cypress/integration/to-do-list-componet/to-do-list-page.spec.js",
      "file": "cypress/integration/to-do-list-componet/to-do-list-page.spec.js",
      "beforeHooks": [],
      "afterHooks": [],
      "tests": [],
      "suites": [
        {
          "uuid": "c7368dd3-cbd2-467c-af31-e41c87fe86f7",
          "title": " Teste To-do-list",
          "fullFile": "",
          "file": "",
          "beforeHooks": [],
          "afterHooks": [],
          "tests": [
            {
              "title": "Cadastrar itens na lista;",
              "fullTitle": " Teste To-do-list Cadastrar itens na lista;",
              "timedOut": null,
              "duration": 2229,
              "state": "passed",
              "speed": "slow",
              "pass": true,
              "fail": false,
              "pending": false,
              "context": null,
              "code": "cy.visit('/');\ncy.get('[data-reactid=\".0.0.1\"]').type('tarefa 1 {enter}').type('tarefa 2 {enter}').type('tarefa 3 {enter}').type('tarefa 4 {enter}').type('tarefa 5 {enter}').type('tarefa 6 {enter}'); //validar  \ncy.get('.todo-list li').should('have.length', 6);",
              "err": {},
              "uuid": "48c3492c-66f1-46da-b97e-1bbaac781c03",
              "parentUUID": "c7368dd3-cbd2-467c-af31-e41c87fe86f7",
              "isHook": false,
              "skipped": false
            },
            {
              "title": "Marcar 1 item como completo;",
              "fullTitle": " Teste To-do-list Marcar 1 item como completo;",
              "timedOut": null,
              "duration": 151,
              "state": "passed",
              "speed": "slow",
              "pass": true,
              "fail": false,
              "pending": false,
              "context": null,
              "code": "cy.contains('tarefa 1').parent().find('input[type=checkbox]').check();\ncy.contains('tarefa 1').parents('li').should('have.class', 'completed');",
              "err": {},
              "uuid": "3207425f-12f9-4de1-9b62-e8564191380a",
              "parentUUID": "c7368dd3-cbd2-467c-af31-e41c87fe86f7",
              "isHook": false,
              "skipped": false
            },
            {
              "title": "Excluir itens da lista;",
              "fullTitle": " Teste To-do-list Excluir itens da lista;",
              "timedOut": null,
              "duration": 168,
              "state": "passed",
              "speed": "slow",
              "pass": true,
              "fail": false,
              "pending": false,
              "context": null,
              "code": "cy.contains('tarefa 2').parent().find('.destroy').click({\n  force: true\n});\ncy.contains('tarefa 3').parent().find('.destroy').click({\n  force: true\n});\ncy.get('.todo-list li').should('have.length', 4);",
              "err": {},
              "uuid": "11e569de-d520-418a-b58b-f796e021f336",
              "parentUUID": "c7368dd3-cbd2-467c-af31-e41c87fe86f7",
              "isHook": false,
              "skipped": false
            },
            {
              "title": "Selecionar o filtro ‘Completed’;",
              "fullTitle": " Teste To-do-list Selecionar o filtro ‘Completed’;",
              "timedOut": null,
              "duration": 110,
              "state": "passed",
              "speed": "slow",
              "pass": true,
              "fail": false,
              "pending": false,
              "context": null,
              "code": "cy.contains('Completed').click();\ncy.get('.todo-list li').should('have.length', 1);",
              "err": {},
              "uuid": "68842a44-eb0e-4cf8-b3b2-f6b0faa8752d",
              "parentUUID": "c7368dd3-cbd2-467c-af31-e41c87fe86f7",
              "isHook": false,
              "skipped": false
            },
            {
              "title": "Estando com o filtro ‘All’ ativo clicar em ‘Clear completed’;",
              "fullTitle": " Teste To-do-list Estando com o filtro ‘All’ ativo clicar em ‘Clear completed’;",
              "timedOut": null,
              "duration": 217,
              "state": "passed",
              "speed": "slow",
              "pass": true,
              "fail": false,
              "pending": false,
              "context": null,
              "code": "cy.contains('All').click();\ncy.contains('Clear completed').click();\ncy.get('.todo-list li').should('have.length', 3);",
              "err": {},
              "uuid": "178c2dc7-4fb4-4317-a6db-c8af9376ec18",
              "parentUUID": "c7368dd3-cbd2-467c-af31-e41c87fe86f7",
              "isHook": false,
              "skipped": false
            }
          ],
          "suites": [],
          "passes": [
            "48c3492c-66f1-46da-b97e-1bbaac781c03",
            "3207425f-12f9-4de1-9b62-e8564191380a",
            "11e569de-d520-418a-b58b-f796e021f336",
            "68842a44-eb0e-4cf8-b3b2-f6b0faa8752d",
            "178c2dc7-4fb4-4317-a6db-c8af9376ec18"
          ],
          "failures": [],
          "pending": [],
          "skipped": [],
          "duration": 2875,
          "root": false,
          "rootEmpty": false,
          "_timeout": 2000
        }
      ],
      "passes": [],
      "failures": [],
      "pending": [],
      "skipped": [],
      "duration": 0,
      "root": true,
      "rootEmpty": true,
      "_timeout": 2000
    }
  ],
  "meta": {
    "mocha": {
      "version": "7.0.1"
    },
    "mochawesome": {
      "options": {
        "quiet": false,
        "reportFilename": "mochawesome",
        "saveHtml": true,
        "saveJson": true,
        "consoleReporter": "spec",
        "useInlineDiffs": false,
        "code": true
      },
      "version": "6.2.2"
    },
    "marge": {
      "options": null,
      "version": "5.2.0"
    }
  }
}